<<<<<<< HEAD
﻿Build started 12/2/2014 9:19:10 PM.
     1>Project "C:\Users\jkrahn17\Documents\GitHub\REAL-FINAL-PROJECT\REAL Final Project\code\CS_FINAL_PROJECT\CS_FINAL_PROJECT\CS_FINAL_PROJECT.vcxproj" on node 2 (Build target(s)).
=======
﻿Build started 12/2/2014 8:57:43 PM.
     1>Project "C:\Users\hzweig17\Documents\GitHub\REAL-FINAL-PROJECT\REAL Final Project\code\CS_FINAL_PROJECT\CS_FINAL_PROJECT\CS_FINAL_PROJECT.vcxproj" on node 2 (Build target(s)).
>>>>>>> origin/master
     1>ClCompile:
         C:\Program Files (x86)\Microsoft Visual Studio 12.0\VC\bin\CL.exe /c /ZI /nologo /W3 /WX- /Od /Oy- /D WIN32 /D _DEBUG /D _CONSOLE /D _UNICODE /D UNICODE /Gm /EHsc /RTC1 /MDd /GS /fp:precise /Zc:wchar_t /Zc:forScope /Fo"Debug\\" /Fd"Debug\vc120.pdb" /Gd /TP /analyze- /errorReport:prompt Source.cpp
         Source.cpp
     1>c:\users\hzweig17\documents\github\real-final-project\real final project\code\cs_final_project\cs_final_project\student.h(37): error C2660: 'Student::getGrade' : function does not take 1 arguments
     1>c:\users\hzweig17\documents\github\real-final-project\real final project\code\cs_final_project\cs_final_project\source.cpp(23): warning C4244: 'argument' : conversion from 'time_t' to 'unsigned int', possible loss of data
     1>Done Building Project "C:\Users\hzweig17\Documents\GitHub\REAL-FINAL-PROJECT\REAL Final Project\code\CS_FINAL_PROJECT\CS_FINAL_PROJECT\CS_FINAL_PROJECT.vcxproj" (Build target(s)) -- FAILED.

Build FAILED.

<<<<<<< HEAD
Time Elapsed 00:00:01.93
=======
Time Elapsed 00:00:00.60
>>>>>>> origin/master
